{"C:\\Users\\marcu\\Desktop\\Projetos Front end\\reactNative\\TravelsApp\\components\\Header\\index.tsx": {"path":"C:\\Users\\marcu\\Desktop\\Projetos Front end\\reactNative\\TravelsApp\\components\\Header\\index.tsx","statementMap":{"0":{"start":{"line":7,"column":2},"end":{"line":13,"column":4}}},"fnMap":{"0":{"name":"Header","decl":{"start":{"line":6,"column":9},"end":{"line":6,"column":15}},"loc":{"start":{"line":6,"column":28},"end":{"line":14,"column":1}},"line":6}},"branchMap":{},"s":{"0":2},"f":{"0":2},"b":{},"_coverageSchema":"1a1c01bbd47fc00a2c39e90264f33305004495a9","hash":"85f2edb200ba4bf0c2cf0a868990f730dbbd4967"}
,"C:\\Users\\marcu\\Desktop\\Projetos Front end\\reactNative\\TravelsApp\\components\\Header\\styles.ts": {"path":"C:\\Users\\marcu\\Desktop\\Projetos Front end\\reactNative\\TravelsApp\\components\\Header\\styles.ts","statementMap":{"0":{"start":{"line":3,"column":0},"end":{"line":3,"column":20}},"1":{"start":{"line":4,"column":27},"end":{"line":10,"column":2}}},"fnMap":{},"branchMap":{},"s":{"0":1,"1":1},"f":{},"b":{},"_coverageSchema":"1a1c01bbd47fc00a2c39e90264f33305004495a9","hash":"60351527e46759d256a27df6fd4eaeef0fb2d4c6"}
,"C:\\Users\\marcu\\Desktop\\Projetos Front end\\reactNative\\TravelsApp\\components\\HomeCards\\index.tsx": {"path":"C:\\Users\\marcu\\Desktop\\Projetos Front end\\reactNative\\TravelsApp\\components\\HomeCards\\index.tsx","statementMap":{"0":{"start":{"line":8,"column":4},"end":{"line":14,"column":5}},"1":{"start":{"line":9,"column":6},"end":{"line":11,"column":8}},"2":{"start":{"line":13,"column":6},"end":{"line":13,"column":19}},"3":{"start":{"line":17,"column":2},"end":{"line":36,"column":4}},"4":{"start":{"line":23,"column":23},"end":{"line":23,"column":55}}},"fnMap":{"0":{"name":"HomeCard","decl":{"start":{"line":6,"column":9},"end":{"line":6,"column":17}},"loc":{"start":{"line":6,"column":32},"end":{"line":37,"column":1}},"line":6},"1":{"name":"TernaryItens","decl":{"start":{"line":7,"column":11},"end":{"line":7,"column":23}},"loc":{"start":{"line":7,"column":31},"end":{"line":15,"column":3}},"line":7},"2":{"name":"(anonymous_2)","decl":{"start":{"line":23,"column":17},"end":{"line":23,"column":18}},"loc":{"start":{"line":23,"column":23},"end":{"line":23,"column":55}},"line":23}},"branchMap":{"0":{"loc":{"start":{"line":8,"column":4},"end":{"line":14,"column":5}},"type":"if","locations":[{"start":{"line":8,"column":4},"end":{"line":14,"column":5}},{"start":{"line":12,"column":11},"end":{"line":14,"column":5}}],"line":8}},"s":{"0":5,"1":4,"2":1,"3":5,"4":1},"f":{"0":5,"1":5,"2":1},"b":{"0":[4,1]},"_coverageSchema":"1a1c01bbd47fc00a2c39e90264f33305004495a9","hash":"6c25788e4c0758a447326e1ef1b2b912818abc48"}
,"C:\\Users\\marcu\\Desktop\\Projetos Front end\\reactNative\\TravelsApp\\components\\HomeCards\\style.ts": {"path":"C:\\Users\\marcu\\Desktop\\Projetos Front end\\reactNative\\TravelsApp\\components\\HomeCards\\style.ts","statementMap":{"0":{"start":{"line":3,"column":0},"end":{"line":3,"column":20}},"1":{"start":{"line":4,"column":29},"end":{"line":20,"column":2}}},"fnMap":{},"branchMap":{},"s":{"0":1,"1":1},"f":{},"b":{},"_coverageSchema":"1a1c01bbd47fc00a2c39e90264f33305004495a9","hash":"f37da4222b566f7fab2e80c3f6e13346a929b870"}
}
