TN:
SF:components\Header\index.tsx
FN:6,Header
FNF:1
FNH:1
FNDA:2,Header
DA:7,2
LF:1
LH:1
BRF:0
BRH:0
end_of_record
TN:
SF:components\Header\styles.ts
FNF:0
FNH:0
DA:3,1
DA:4,1
LF:2
LH:2
BRF:0
BRH:0
end_of_record
TN:
SF:components\HomeCards\index.tsx
FN:6,HomeCard
FN:7,TernaryItens
FN:23,(anonymous_2)
FNF:3
FNH:3
FNDA:5,HomeCard
FNDA:5,TernaryItens
FNDA:1,(anonymous_2)
DA:8,5
DA:9,4
DA:13,1
DA:17,5
DA:23,1
LF:5
LH:5
BRDA:8,0,0,4
BRDA:8,0,1,1
BRF:2
BRH:2
end_of_record
TN:
SF:components\HomeCards\style.ts
FNF:0
FNH:0
DA:3,1
DA:4,1
LF:2
LH:2
BRF:0
BRH:0
end_of_record
